<?xml version="1.0" encoding="UTF-8"?>
<!-- Generated by org.testng.reporters.JUnitXMLReporter -->
<testsuite ignored="2" hostname="DESKTOP-5UILMB1" failures="0" tests="0" time="0.022" errors="0" timestamp="2026-06-13T21:38:44 IST">
  <testcase classname="seleniumFrameworkDesign.tests.OrderTest" name="submitOrder" time="0.0">
    <ignored/>
  </testcase> <!-- submitOrder -->
  <testcase classname="seleniumFrameworkDesign.tests.OrderTest" name="orderHistoryTest" time="0.0">
    <ignored/>
  </testcase> <!-- orderHistoryTest -->
</testsuite>
