<?xml version="1.0" encoding="UTF-8"?>
<!-- Generated by org.testng.reporters.JUnitXMLReporter -->
<testsuite ignored="0" hostname="DESKTOP-5UILMB1" failures="0" tests="3" name="Order Test" time="19.1" errors="0" timestamp="2026-06-14T20:45:33 IST">
  <testcase classname="seleniumFrameworkDesign.tests.OrderTest" name="submitOrder" time="4.61"/>
  <testcase classname="seleniumFrameworkDesign.tests.OrderTest" name="submitOrder" time="4.568"/>
  <testcase classname="seleniumFrameworkDesign.tests.OrderTest" name="orderHistoryTest" time="0.872"/>
</testsuite> <!-- Order Test -->
