<?xml version="1.0" encoding="UTF-8"?>
<!-- Generated by org.testng.reporters.JUnitReportReporter -->
<testsuite hostname="DESKTOP-5UILMB1" failures="0" tests="3" name="seleniumFrameworkDesign.tests.OrderTest" time="26.132" errors="0" timestamp="2026-06-13T20:15:36 IST" skipped="0">
  <testcase classname="seleniumFrameworkDesign.tests.OrderTest" name="submitOrder" time="14.366"/>
  <testcase classname="seleniumFrameworkDesign.tests.OrderTest" name="orderHistoryTest" time="2.519"/>
  <testcase classname="seleniumFrameworkDesign.tests.OrderTest" name="submitOrder" time="9.247"/>
</testsuite> <!-- seleniumFrameworkDesign.tests.OrderTest -->
