<?xml version="1.0" encoding="UTF-8"?>
<!-- Generated by org.testng.reporters.JUnitReportReporter -->
<testsuite hostname="DESKTOP-5UILMB1" failures="0" tests="3" name="seleniumFrameworkDesign.tests.OrderTest" time="18.664" errors="0" timestamp="2026-06-14T20:45:33 IST" skipped="0">
  <testcase classname="seleniumFrameworkDesign.tests.OrderTest" name="orderHistoryTest" time="3.253"/>
  <testcase classname="seleniumFrameworkDesign.tests.OrderTest" name="submitOrder" time="7.599"/>
  <testcase classname="seleniumFrameworkDesign.tests.OrderTest" name="submitOrder" time="7.812"/>
</testsuite> <!-- seleniumFrameworkDesign.tests.OrderTest -->
